-------------------------------------------------------------------------------
Test set: com.makotojava.learn.odot.dao.ItemDaoTest$ItemDaoOptimisticScenariosTest
-------------------------------------------------------------------------------
Tests run: 8, Failures: 1, Errors: 0, Skipped: 0, Time elapsed: 13.456 sec <<< FAILURE! - in com.makotojava.learn.odot.dao.ItemDaoTest$ItemDaoOptimisticScenariosTest
testFindAll()  Time elapsed: 1.025 sec  <<< FAILURE!
java.lang.reflect.InaccessibleObjectException: Unable to make field static final long java.sql.Date.serialVersionUID accessible: module java.sql does not "opens java.sql" to unnamed module @5c7fa833
	at com.makotojava.learn.odot.dao.ItemDaoTest$ItemDaoOptimisticScenariosTest.testFindAll(ItemDaoTest.java:138)

